0 info it worked if it ends with ok
1 verbose cli [ 'node',
1 verbose cli   '/usr/local/bin/npm',
1 verbose cli   'install',
1 verbose cli   'rdio_consumer_credentials' ]
2 info using npm@1.3.8
3 info using node@v0.10.18
4 warn package.json server@0.0.0 No description
5 warn package.json server@0.0.0 No repository field.
6 warn package.json server@0.0.0 No README data
7 verbose readDependencies using package.json deps
8 verbose cache add [ 'rdio_consumer_credentials', null ]
9 verbose cache add name=undefined spec="rdio_consumer_credentials" args=["rdio_consumer_credentials",null]
10 verbose parsed url { protocol: null,
10 verbose parsed url   slashes: null,
10 verbose parsed url   auth: null,
10 verbose parsed url   host: null,
10 verbose parsed url   port: null,
10 verbose parsed url   hostname: null,
10 verbose parsed url   hash: null,
10 verbose parsed url   search: null,
10 verbose parsed url   query: null,
10 verbose parsed url   pathname: 'rdio_consumer_credentials',
10 verbose parsed url   path: 'rdio_consumer_credentials',
10 verbose parsed url   href: 'rdio_consumer_credentials' }
11 silly lockFile 7b528ec8-rdio-consumer-credentials rdio_consumer_credentials
12 verbose lock rdio_consumer_credentials /Users/cjelly/.npm/7b528ec8-rdio-consumer-credentials.lock
13 silly lockFile 7b528ec8-rdio-consumer-credentials rdio_consumer_credentials
14 silly lockFile 7b528ec8-rdio-consumer-credentials rdio_consumer_credentials
15 verbose addNamed [ 'rdio_consumer_credentials', '' ]
16 verbose addNamed [ null, '*' ]
17 silly lockFile 99e96ed2-rdio-consumer-credentials rdio_consumer_credentials@
18 verbose lock rdio_consumer_credentials@ /Users/cjelly/.npm/99e96ed2-rdio-consumer-credentials.lock
19 silly addNameRange { name: 'rdio_consumer_credentials', range: '*', hasData: false }
20 verbose url raw rdio_consumer_credentials
21 verbose url resolving [ 'https://registry.npmjs.org/', './rdio_consumer_credentials' ]
22 verbose url resolved https://registry.npmjs.org/rdio_consumer_credentials
23 info trying registry request attempt 1 at 17:57:57
24 http GET https://registry.npmjs.org/rdio_consumer_credentials
25 http 404 https://registry.npmjs.org/rdio_consumer_credentials
26 silly registry.get cb [ 404,
26 silly registry.get   { date: 'Sat, 22 Feb 2014 22:57:57 GMT',
26 silly registry.get     server: 'CouchDB/1.5.0 (Erlang OTP/R16B)',
26 silly registry.get     'content-type': 'application/json',
26 silly registry.get     via: '1.1 varnish',
26 silly registry.get     'cache-control': 'max-age=0',
26 silly registry.get     'content-length': '52',
26 silly registry.get     'accept-ranges': 'bytes',
26 silly registry.get     age: '0',
26 silly registry.get     'x-served-by': 'cache-v44-ASH, cache-at51-ATL',
26 silly registry.get     'x-cache': 'MISS, MISS',
26 silly registry.get     'x-cache-hits': '0, 0',
26 silly registry.get     'x-timer': 'S1393109877.231493950,VS0,VS-55,VE-36,VE33',
26 silly registry.get     'keep-alive': 'timeout=10, max=50',
26 silly registry.get     connection: 'Keep-Alive' } ]
27 silly lockFile 99e96ed2-rdio-consumer-credentials rdio_consumer_credentials@
28 silly lockFile 99e96ed2-rdio-consumer-credentials rdio_consumer_credentials@
29 error 404 'rdio_consumer_credentials' is not in the npm registry.
29 error 404 You should bug the author to publish it
29 error 404
29 error 404 Note that you can also install from a
29 error 404 tarball, folder, or http url, or git url.
30 error System Darwin 12.0.0
31 error command "node" "/usr/local/bin/npm" "install" "rdio_consumer_credentials"
32 error cwd /Users/cjelly/dev3/McHacks/server
33 error node -v v0.10.18
34 error npm -v 1.3.8
35 error code E404
36 verbose exit [ 1, true ]
